{"/Users/wuma/projects/ali/browser-use-js/src/agent/index.ts": {"path":"/Users/wuma/projects/ali/browser-use-js/src/agent/index.ts","all":true,"statementMap":{"8":{"start":{"line":9,"column":0},"end":{"line":9,"column":44}},"25":{"start":{"line":26,"column":0},"end":{"line":26,"column":25}},"26":{"start":{"line":27,"column":0},"end":{"line":27,"column":16}},"27":{"start":{"line":28,"column":0},"end":{"line":28,"column":24}},"28":{"start":{"line":29,"column":0},"end":{"line":29,"column":20}},"29":{"start":{"line":30,"column":0},"end":{"line":30,"column":26}},"30":{"start":{"line":31,"column":0},"end":{"line":31,"column":18}}},"s":{"8":0,"25":0,"26":0,"27":0,"28":0,"29":0,"30":0},"branchMap":{"0":{"type":"branch","line":1,"loc":{"start":{"line":1,"column":505},"end":{"line":32,"column":1}},"locations":[{"start":{"line":1,"column":505},"end":{"line":32,"column":1}}]}},"b":{"0":[1]},"fnMap":{"0":{"name":"(empty-report)","decl":{"start":{"line":1,"column":505},"end":{"line":32,"column":1}},"loc":{"start":{"line":1,"column":505},"end":{"line":32,"column":1}},"line":1}},"f":{"0":1}}
,"/Users/wuma/projects/ali/browser-use-js/src/browser/index.ts": {"path":"/Users/wuma/projects/ali/browser-use-js/src/browser/index.ts","all":true,"statementMap":{"8":{"start":{"line":9,"column":0},"end":{"line":9,"column":46}}},"s":{"8":0},"branchMap":{"0":{"type":"branch","line":1,"loc":{"start":{"line":1,"column":356},"end":{"line":21,"column":1}},"locations":[{"start":{"line":1,"column":356},"end":{"line":21,"column":1}}]}},"b":{"0":[1]},"fnMap":{"0":{"name":"(empty-report)","decl":{"start":{"line":1,"column":356},"end":{"line":21,"column":1}},"loc":{"start":{"line":1,"column":356},"end":{"line":21,"column":1}},"line":1}},"f":{"0":1}}
,"/Users/wuma/projects/ali/browser-use-js/src/controller/index.ts": {"path":"/Users/wuma/projects/ali/browser-use-js/src/controller/index.ts","all":true,"statementMap":{"8":{"start":{"line":9,"column":0},"end":{"line":9,"column":49}}},"s":{"8":0},"branchMap":{"0":{"type":"branch","line":1,"loc":{"start":{"line":1,"column":369},"end":{"line":23,"column":1}},"locations":[{"start":{"line":1,"column":369},"end":{"line":23,"column":1}}]}},"b":{"0":[1]},"fnMap":{"0":{"name":"(empty-report)","decl":{"start":{"line":1,"column":369},"end":{"line":23,"column":1}},"loc":{"start":{"line":1,"column":369},"end":{"line":23,"column":1}},"line":1}},"f":{"0":1}}
,"/Users/wuma/projects/ali/browser-use-js/src/dom/index.ts": {"path":"/Users/wuma/projects/ali/browser-use-js/src/dom/index.ts","all":true,"statementMap":{"8":{"start":{"line":9,"column":0},"end":{"line":9,"column":42}}},"s":{"8":0},"branchMap":{"0":{"type":"branch","line":1,"loc":{"start":{"line":1,"column":432},"end":{"line":27,"column":1}},"locations":[{"start":{"line":1,"column":432},"end":{"line":27,"column":1}}]}},"b":{"0":[1]},"fnMap":{"0":{"name":"(empty-report)","decl":{"start":{"line":1,"column":432},"end":{"line":27,"column":1}},"loc":{"start":{"line":1,"column":432},"end":{"line":27,"column":1}},"line":1}},"f":{"0":1}}
,"/Users/wuma/projects/ali/browser-use-js/src/types/index.ts": {"path":"/Users/wuma/projects/ali/browser-use-js/src/types/index.ts","all":false,"statementMap":{"8":{"start":{"line":9,"column":0},"end":{"line":9,"column":44}},"72":{"start":{"line":73,"column":0},"end":{"line":73,"column":31}},"73":{"start":{"line":74,"column":0},"end":{"line":74,"column":22}},"74":{"start":{"line":75,"column":0},"end":{"line":75,"column":20}},"75":{"start":{"line":76,"column":0},"end":{"line":76,"column":42}},"76":{"start":{"line":77,"column":0},"end":{"line":77,"column":38}},"82":{"start":{"line":83,"column":0},"end":{"line":83,"column":37}},"83":{"start":{"line":84,"column":0},"end":{"line":84,"column":20}},"84":{"start":{"line":85,"column":0},"end":{"line":85,"column":16}},"85":{"start":{"line":86,"column":0},"end":{"line":86,"column":18}},"86":{"start":{"line":87,"column":0},"end":{"line":87,"column":20}},"87":{"start":{"line":88,"column":0},"end":{"line":88,"column":24}},"88":{"start":{"line":89,"column":0},"end":{"line":89,"column":24}},"89":{"start":{"line":90,"column":0},"end":{"line":90,"column":18}},"90":{"start":{"line":91,"column":0},"end":{"line":91,"column":16}},"91":{"start":{"line":92,"column":0},"end":{"line":92,"column":20}},"135":{"start":{"line":136,"column":0},"end":{"line":136,"column":25}},"136":{"start":{"line":137,"column":0},"end":{"line":137,"column":16}},"137":{"start":{"line":138,"column":0},"end":{"line":138,"column":18}},"138":{"start":{"line":139,"column":0},"end":{"line":139,"column":20}},"220":{"start":{"line":221,"column":0},"end":{"line":221,"column":24}},"221":{"start":{"line":222,"column":0},"end":{"line":222,"column":18}},"222":{"start":{"line":223,"column":0},"end":{"line":223,"column":16}},"223":{"start":{"line":224,"column":0},"end":{"line":224,"column":20}},"224":{"start":{"line":225,"column":0},"end":{"line":225,"column":24}},"225":{"start":{"line":226,"column":0},"end":{"line":226,"column":16}},"226":{"start":{"line":227,"column":0},"end":{"line":227,"column":28}},"227":{"start":{"line":228,"column":0},"end":{"line":228,"column":22}},"228":{"start":{"line":229,"column":0},"end":{"line":229,"column":20}},"378":{"start":{"line":379,"column":0},"end":{"line":379,"column":25}},"379":{"start":{"line":380,"column":0},"end":{"line":380,"column":16}},"380":{"start":{"line":381,"column":0},"end":{"line":381,"column":24}},"381":{"start":{"line":382,"column":0},"end":{"line":382,"column":20}},"382":{"start":{"line":383,"column":0},"end":{"line":383,"column":26}},"383":{"start":{"line":384,"column":0},"end":{"line":384,"column":18}},"389":{"start":{"line":390,"column":0},"end":{"line":390,"column":26}},"390":{"start":{"line":391,"column":0},"end":{"line":391,"column":20}},"391":{"start":{"line":392,"column":0},"end":{"line":392,"column":18}},"392":{"start":{"line":393,"column":0},"end":{"line":393,"column":51}},"393":{"start":{"line":394,"column":0},"end":{"line":394,"column":45}},"394":{"start":{"line":395,"column":0},"end":{"line":395,"column":28}},"418":{"start":{"line":419,"column":0},"end":{"line":419,"column":25}},"419":{"start":{"line":420,"column":0},"end":{"line":420,"column":20}},"420":{"start":{"line":421,"column":0},"end":{"line":421,"column":16}},"421":{"start":{"line":422,"column":0},"end":{"line":422,"column":26}},"573":{"start":{"line":574,"column":0},"end":{"line":574,"column":23}},"574":{"start":{"line":575,"column":0},"end":{"line":575,"column":48}},"575":{"start":{"line":576,"column":0},"end":{"line":576,"column":36}},"576":{"start":{"line":577,"column":0},"end":{"line":577,"column":40}},"577":{"start":{"line":578,"column":0},"end":{"line":578,"column":34}},"578":{"start":{"line":579,"column":0},"end":{"line":579,"column":32}},"579":{"start":{"line":580,"column":0},"end":{"line":580,"column":36}},"580":{"start":{"line":581,"column":0},"end":{"line":581,"column":30}},"581":{"start":{"line":582,"column":0},"end":{"line":582,"column":36}},"582":{"start":{"line":583,"column":0},"end":{"line":583,"column":36}}},"s":{"8":1,"72":1,"73":1,"74":1,"75":1,"76":1,"82":1,"83":1,"84":1,"85":1,"86":1,"87":1,"88":1,"89":1,"90":1,"91":1,"135":1,"136":1,"137":1,"138":1,"220":1,"221":1,"222":1,"223":1,"224":1,"225":1,"226":1,"227":1,"228":1,"378":1,"379":1,"380":1,"381":1,"382":1,"383":1,"389":1,"390":1,"391":1,"392":1,"393":1,"394":1,"418":1,"419":1,"420":1,"421":1,"573":1,"574":1,"575":1,"576":1,"577":1,"578":1,"579":1,"580":1,"581":1,"582":1},"branchMap":{"0":{"type":"branch","line":73,"loc":{"start":{"line":73,"column":7},"end":{"line":73,"column":31}},"locations":[{"start":{"line":73,"column":7},"end":{"line":73,"column":31}}]},"1":{"type":"branch","line":83,"loc":{"start":{"line":83,"column":7},"end":{"line":83,"column":37}},"locations":[{"start":{"line":83,"column":7},"end":{"line":83,"column":37}}]},"2":{"type":"branch","line":136,"loc":{"start":{"line":136,"column":7},"end":{"line":136,"column":25}},"locations":[{"start":{"line":136,"column":7},"end":{"line":136,"column":25}}]},"3":{"type":"branch","line":221,"loc":{"start":{"line":221,"column":7},"end":{"line":221,"column":24}},"locations":[{"start":{"line":221,"column":7},"end":{"line":221,"column":24}}]},"4":{"type":"branch","line":379,"loc":{"start":{"line":379,"column":7},"end":{"line":379,"column":25}},"locations":[{"start":{"line":379,"column":7},"end":{"line":379,"column":25}}]},"5":{"type":"branch","line":390,"loc":{"start":{"line":390,"column":7},"end":{"line":390,"column":26}},"locations":[{"start":{"line":390,"column":7},"end":{"line":390,"column":26}}]},"6":{"type":"branch","line":419,"loc":{"start":{"line":419,"column":7},"end":{"line":419,"column":25}},"locations":[{"start":{"line":419,"column":7},"end":{"line":419,"column":25}}]},"7":{"type":"branch","line":574,"loc":{"start":{"line":574,"column":7},"end":{"line":574,"column":23}},"locations":[{"start":{"line":574,"column":7},"end":{"line":574,"column":23}}]}},"b":{"0":[2],"1":[2],"2":[2],"3":[2],"4":[2],"5":[2],"6":[2],"7":[2]},"fnMap":{},"f":{}}
}
